<?xml version="1.0" encoding="UTF-8"?>
<!-- Generated by org.testng.reporters.JUnitReportReporter -->
<testsuite hostname="DESKTOP-UUGLLMG" failures="0" tests="2" name="switchPratice.End2EProject.Homepage" time="70.539" errors="0" timestamp="2021-07-07T00:09:56 IST" skipped="0">
  <testcase classname="switchPratice.End2EProject.Homepage" name="basePageNavigation" time="29.524"/>
  <system-out/>
  <testcase classname="switchPratice.End2EProject.Homepage" name="basePageNavigation" time="41.015"/>
  <system-out/>
</testsuite> <!-- switchPratice.End2EProject.Homepage -->
